FULL SYSTEM TEST
---------------
Populating A and B...
Calculating reference values of C...
row: 0, col: 0 | got: f2f4, expected f2f4 [OK]
row: 0, col: 1 | got: 23bd, expected 23bd [OK]
row: 0, col: 2 | got: 79a2, expected 79a2 [OK]
row: 0, col: 3 | got: 4728, expected 4728 [OK]
row: 0, col: 4 | got: ac8, expected ac8 [OK]
row: 0, col: 5 | got: 42ac, expected 42ac [OK]
row: 0, col: 6 | got: c28d, expected c28d [OK]
row: 0, col: 7 | got: 471, expected 471 [OK]
row: 0, col: 8 | got: 9503, expected 9503 [OK]
row: 0, col: 9 | got: 10d7, expected 10d7 [OK]
row: 0, col: 10 | got: d0e1, expected d0e1 [OK]
row: 0, col: 11 | got: f7d8, expected f7d8 [OK]
row: 0, col: 12 | got: e7f7, expected e7f7 [OK]
row: 0, col: 13 | got: 8a1b, expected 8a1b [OK]
row: 0, col: 14 | got: 3cb, expected 3cb [OK]
row: 0, col: 15 | got: e2db, expected e2db [OK]
row: 1, col: 0 | got: dde0, expected dde0 [OK]
row: 1, col: 1 | got: 40c4, expected 40c4 [OK]
row: 1, col: 2 | got: 83db, expected 83db [OK]
row: 1, col: 3 | got: 7558, expected 7558 [OK]
row: 1, col: 4 | got: 3efe, expected 3efe [OK]
row: 1, col: 5 | got: 290b, expected 290b [OK]
row: 1, col: 6 | got: 454, expected 454 [OK]
row: 1, col: 7 | got: a8cf, expected a8cf [OK]
row: 1, col: 8 | got: 4085, expected 4085 [OK]
row: 1, col: 9 | got: f67f, expected f67f [OK]
row: 1, col: 10 | got: 7764, expected 7764 [OK]
row: 1, col: 11 | got: 20d6, expected 20d6 [OK]
row: 1, col: 12 | got: 14fc, expected 14fc [OK]
row: 1, col: 13 | got: 5c43, expected 5c43 [OK]
row: 1, col: 14 | got: 43e7, expected 43e7 [OK]
row: 1, col: 15 | got: 5c25, expected 5c25 [OK]
row: 2, col: 0 | got: 96d6, expected 96d6 [OK]
row: 2, col: 1 | got: d920, expected d920 [OK]
row: 2, col: 2 | got: f5e5, expected f5e5 [OK]
row: 2, col: 3 | got: 3f34, expected 3f34 [OK]
row: 2, col: 4 | got: 467, expected 467 [OK]
row: 2, col: 5 | got: aeb, expected aeb [OK]
row: 2, col: 6 | got: 8d28, expected 8d28 [OK]
row: 2, col: 7 | got: 2ecf, expected 2ecf [OK]
row: 2, col: 8 | got: 19ea, expected 19ea [OK]
row: 2, col: 9 | got: 9aed, expected 9aed [OK]
row: 2, col: 10 | got: 2d7b, expected 2d7b [OK]
row: 2, col: 11 | got: 485c, expected 485c [OK]
row: 2, col: 12 | got: 7385, expected 7385 [OK]
row: 2, col: 13 | got: b15a, expected b15a [OK]
row: 2, col: 14 | got: c001, expected c001 [OK]
row: 2, col: 15 | got: 45cd, expected 45cd [OK]
row: 3, col: 0 | got: 36fa, expected 36fa [OK]
row: 3, col: 1 | got: f360, expected f360 [OK]
row: 3, col: 2 | got: d2f5, expected d2f5 [OK]
row: 3, col: 3 | got: 22a4, expected 22a4 [OK]
row: 3, col: 4 | got: cb3c, expected cb3c [OK]
row: 3, col: 5 | got: 6bb2, expected 6bb2 [OK]
row: 3, col: 6 | got: 1aaa, expected 1aaa [OK]
row: 3, col: 7 | got: 8d38, expected 8d38 [OK]
row: 3, col: 8 | got: 88fd, expected 88fd [OK]
row: 3, col: 9 | got: c664, expected c664 [OK]
row: 3, col: 10 | got: 4961, expected 4961 [OK]
row: 3, col: 11 | got: f840, expected f840 [OK]
row: 3, col: 12 | got: 585d, expected 585d [OK]
row: 3, col: 13 | got: d59c, expected d59c [OK]
row: 3, col: 14 | got: e713, expected e713 [OK]
row: 3, col: 15 | got: 34b4, expected 34b4 [OK]
row: 4, col: 0 | got: ac32, expected ac32 [OK]
row: 4, col: 1 | got: 9503, expected 9503 [OK]
row: 4, col: 2 | got: fa4f, expected fa4f [OK]
row: 4, col: 3 | got: 52fa, expected 52fa [OK]
row: 4, col: 4 | got: f072, expected f072 [OK]
row: 4, col: 5 | got: da15, expected da15 [OK]
row: 4, col: 6 | got: 5e1b, expected 5e1b [OK]
row: 4, col: 7 | got: 5a64, expected 5a64 [OK]
row: 4, col: 8 | got: 90f0, expected 90f0 [OK]
row: 4, col: 9 | got: 2f30, expected 2f30 [OK]
row: 4, col: 10 | got: c8af, expected c8af [OK]
row: 4, col: 11 | got: a458, expected a458 [OK]
row: 4, col: 12 | got: d877, expected d877 [OK]
row: 4, col: 13 | got: 7a37, expected 7a37 [OK]
row: 4, col: 14 | got: 2ad7, expected 2ad7 [OK]
row: 4, col: 15 | got: 4c76, expected 4c76 [OK]
row: 5, col: 0 | got: 859a, expected 859a [OK]
row: 5, col: 1 | got: 6e1b, expected 6e1b [OK]
row: 5, col: 2 | got: bcf, expected bcf [OK]
row: 5, col: 3 | got: 175d, expected 175d [OK]
row: 5, col: 4 | got: 4d45, expected 4d45 [OK]
row: 5, col: 5 | got: 5b70, expected 5b70 [OK]
row: 5, col: 6 | got: 2345, expected 2345 [OK]
row: 5, col: 7 | got: 7fe9, expected 7fe9 [OK]
row: 5, col: 8 | got: 386e, expected 386e [OK]
row: 5, col: 9 | got: 9cbe, expected 9cbe [OK]
row: 5, col: 10 | got: 68fb, expected 68fb [OK]
row: 5, col: 11 | got: 59c0, expected 59c0 [OK]
row: 5, col: 12 | got: e587, expected e587 [OK]
row: 5, col: 13 | got: ba2a, expected ba2a [OK]
row: 5, col: 14 | got: dbb2, expected dbb2 [OK]
row: 5, col: 15 | got: ff34, expected ff34 [OK]
row: 6, col: 0 | got: a6e0, expected a6e0 [OK]
row: 6, col: 1 | got: b66b, expected b66b [OK]
row: 6, col: 2 | got: e3dd, expected e3dd [OK]
row: 6, col: 3 | got: a43a, expected a43a [OK]
row: 6, col: 4 | got: 2a4c, expected 2a4c [OK]
row: 6, col: 5 | got: 3555, expected 3555 [OK]
row: 6, col: 6 | got: c00b, expected c00b [OK]
row: 6, col: 7 | got: d25f, expected d25f [OK]
row: 6, col: 8 | got: 4711, expected 4711 [OK]
row: 6, col: 9 | got: adf2, expected adf2 [OK]
row: 6, col: 10 | got: cc29, expected cc29 [OK]
row: 6, col: 11 | got: 422b, expected 422b [OK]
row: 6, col: 12 | got: a5c0, expected a5c0 [OK]
row: 6, col: 13 | got: e3bf, expected e3bf [OK]
row: 6, col: 14 | got: 5a99, expected 5a99 [OK]
row: 6, col: 15 | got: d571, expected d571 [OK]
row: 7, col: 0 | got: fd4, expected fd4 [OK]
row: 7, col: 1 | got: f, expected f [OK]
row: 7, col: 2 | got: e56c, expected e56c [OK]
row: 7, col: 3 | got: c843, expected c843 [OK]
row: 7, col: 4 | got: 93d1, expected 93d1 [OK]
row: 7, col: 5 | got: 8cc9, expected 8cc9 [OK]
row: 7, col: 6 | got: 6098, expected 6098 [OK]
row: 7, col: 7 | got: f57f, expected f57f [OK]
row: 7, col: 8 | got: a9ff, expected a9ff [OK]
row: 7, col: 9 | got: a44, expected a44 [OK]
row: 7, col: 10 | got: 826c, expected 826c [OK]
row: 7, col: 11 | got: ce98, expected ce98 [OK]
row: 7, col: 12 | got: 1c3e, expected 1c3e [OK]
row: 7, col: 13 | got: 922d, expected 922d [OK]
row: 7, col: 14 | got: 4709, expected 4709 [OK]
row: 7, col: 15 | got: 60d4, expected 60d4 [OK]
row: 8, col: 0 | got: 398a, expected 398a [OK]
row: 8, col: 1 | got: 3832, expected 3832 [OK]
row: 8, col: 2 | got: 4ff0, expected 4ff0 [OK]
row: 8, col: 3 | got: c732, expected c732 [OK]
row: 8, col: 4 | got: a7bf, expected a7bf [OK]
row: 8, col: 5 | got: 4146, expected 4146 [OK]
row: 8, col: 6 | got: 5994, expected 5994 [OK]
row: 8, col: 7 | got: bdb4, expected bdb4 [OK]
row: 8, col: 8 | got: 1761, expected 1761 [OK]
row: 8, col: 9 | got: e62a, expected e62a [OK]
row: 8, col: 10 | got: 327f, expected 327f [OK]
row: 8, col: 11 | got: c316, expected c316 [OK]
row: 8, col: 12 | got: 941c, expected 941c [OK]
row: 8, col: 13 | got: 280e, expected 280e [OK]
row: 8, col: 14 | got: c5fb, expected c5fb [OK]
row: 8, col: 15 | got: f74, expected f74 [OK]
row: 9, col: 0 | got: 7b62, expected 7b62 [OK]
row: 9, col: 1 | got: f8e6, expected f8e6 [OK]
row: 9, col: 2 | got: a2ce, expected a2ce [OK]
row: 9, col: 3 | got: a1f5, expected a1f5 [OK]
row: 9, col: 4 | got: dfbf, expected dfbf [OK]
row: 9, col: 5 | got: 2c46, expected 2c46 [OK]
row: 9, col: 6 | got: 1a8d, expected 1a8d [OK]
row: 9, col: 7 | got: e4e, expected e4e [OK]
row: 9, col: 8 | got: 4e02, expected 4e02 [OK]
row: 9, col: 9 | got: 131a, expected 131a [OK]
row: 9, col: 10 | got: cd6d, expected cd6d [OK]
row: 9, col: 11 | got: bbd0, expected bbd0 [OK]
row: 9, col: 12 | got: a982, expected a982 [OK]
row: 9, col: 13 | got: a7bd, expected a7bd [OK]
row: 9, col: 14 | got: 927b, expected 927b [OK]
row: 9, col: 15 | got: 32a3, expected 32a3 [OK]
row: 10, col: 0 | got: b268, expected b268 [OK]
row: 10, col: 1 | got: f772, expected f772 [OK]
row: 10, col: 2 | got: 68a1, expected 68a1 [OK]
row: 10, col: 3 | got: b0cb, expected b0cb [OK]
row: 10, col: 4 | got: 4462, expected 4462 [OK]
row: 10, col: 5 | got: c80b, expected c80b [OK]
row: 10, col: 6 | got: a362, expected a362 [OK]
row: 10, col: 7 | got: f89, expected f89 [OK]
row: 10, col: 8 | got: dce8, expected dce8 [OK]
row: 10, col: 9 | got: fee5, expected fee5 [OK]
row: 10, col: 10 | got: ea81, expected ea81 [OK]
row: 10, col: 11 | got: 10b, expected 10b [OK]
row: 10, col: 12 | got: 1964, expected 1964 [OK]
row: 10, col: 13 | got: d72f, expected d72f [OK]
row: 10, col: 14 | got: d27e, expected d27e [OK]
row: 10, col: 15 | got: 1c3, expected 1c3 [OK]
row: 11, col: 0 | got: 7fc2, expected 7fc2 [OK]
row: 11, col: 1 | got: aa8e, expected aa8e [OK]
row: 11, col: 2 | got: 40c9, expected 40c9 [OK]
row: 11, col: 3 | got: 3504, expected 3504 [OK]
row: 11, col: 4 | got: 2cb2, expected 2cb2 [OK]
row: 11, col: 5 | got: 93e2, expected 93e2 [OK]
row: 11, col: 6 | got: 8884, expected 8884 [OK]
row: 11, col: 7 | got: f295, expected f295 [OK]
row: 11, col: 8 | got: 9f64, expected 9f64 [OK]
row: 11, col: 9 | got: d9f0, expected d9f0 [OK]
row: 11, col: 10 | got: 2287, expected 2287 [OK]
row: 11, col: 11 | got: 69c7, expected 69c7 [OK]
row: 11, col: 12 | got: 6ed6, expected 6ed6 [OK]
row: 11, col: 13 | got: 39f7, expected 39f7 [OK]
row: 11, col: 14 | got: dc64, expected dc64 [OK]
row: 11, col: 15 | got: 9b2e, expected 9b2e [OK]
row: 12, col: 0 | got: da72, expected da72 [OK]
row: 12, col: 1 | got: 5547, expected 5547 [OK]
row: 12, col: 2 | got: 45f1, expected 45f1 [OK]
row: 12, col: 3 | got: 4393, expected 4393 [OK]
row: 12, col: 4 | got: f7b9, expected f7b9 [OK]
row: 12, col: 5 | got: 4169, expected 4169 [OK]
row: 12, col: 6 | got: f0ce, expected f0ce [OK]
row: 12, col: 7 | got: 15b5, expected 15b5 [OK]
row: 12, col: 8 | got: 617f, expected 617f [OK]
row: 12, col: 9 | got: 1e4a, expected 1e4a [OK]
row: 12, col: 10 | got: fb11, expected fb11 [OK]
row: 12, col: 11 | got: 2cff, expected 2cff [OK]
row: 12, col: 12 | got: e665, expected e665 [OK]
row: 12, col: 13 | got: af87, expected af87 [OK]
row: 12, col: 14 | got: d646, expected d646 [OK]
row: 12, col: 15 | got: 4c4a, expected 4c4a [OK]
row: 13, col: 0 | got: ca2b, expected ca2b [OK]
row: 13, col: 1 | got: 1850, expected 1850 [OK]
row: 13, col: 2 | got: e15a, expected e15a [OK]
row: 13, col: 3 | got: f6b6, expected f6b6 [OK]
row: 13, col: 4 | got: ed82, expected ed82 [OK]
row: 13, col: 5 | got: 48f0, expected 48f0 [OK]
row: 13, col: 6 | got: 8699, expected 8699 [OK]
row: 13, col: 7 | got: 15ff, expected 15ff [OK]
row: 13, col: 8 | got: daf7, expected daf7 [OK]
row: 13, col: 9 | got: f996, expected f996 [OK]
row: 13, col: 10 | got: 7613, expected 7613 [OK]
row: 13, col: 11 | got: 2dac, expected 2dac [OK]
row: 13, col: 12 | got: 4352, expected 4352 [OK]
row: 13, col: 13 | got: 5f16, expected 5f16 [OK]
row: 13, col: 14 | got: 3f09, expected 3f09 [OK]
row: 13, col: 15 | got: 12bc, expected 12bc [OK]
row: 14, col: 0 | got: 4c88, expected 4c88 [OK]
row: 14, col: 1 | got: 6b99, expected 6b99 [OK]
row: 14, col: 2 | got: a78f, expected a78f [OK]
row: 14, col: 3 | got: 1e0a, expected 1e0a [OK]
row: 14, col: 4 | got: 902b, expected 902b [OK]
row: 14, col: 5 | got: bd6a, expected bd6a [OK]
row: 14, col: 6 | got: 2c84, expected 2c84 [OK]
row: 14, col: 7 | got: 8bbb, expected 8bbb [OK]
row: 14, col: 8 | got: e1cf, expected e1cf [OK]
row: 14, col: 9 | got: 4ae3, expected 4ae3 [OK]
row: 14, col: 10 | got: 37a7, expected 37a7 [OK]
row: 14, col: 11 | got: 2d7, expected 2d7 [OK]
row: 14, col: 12 | got: 387, expected 387 [OK]
row: 14, col: 13 | got: 909f, expected 909f [OK]
row: 14, col: 14 | got: fb3, expected fb3 [OK]
row: 14, col: 15 | got: 120e, expected 120e [OK]
row: 15, col: 0 | got: 6131, expected 6131 [OK]
row: 15, col: 1 | got: 493b, expected 493b [OK]
row: 15, col: 2 | got: c129, expected c129 [OK]
row: 15, col: 3 | got: 34fe, expected 34fe [OK]
row: 15, col: 4 | got: 1996, expected 1996 [OK]
row: 15, col: 5 | got: 4932, expected 4932 [OK]
row: 15, col: 6 | got: 3277, expected 3277 [OK]
row: 15, col: 7 | got: b7b6, expected b7b6 [OK]
row: 15, col: 8 | got: ba1e, expected ba1e [OK]
row: 15, col: 9 | got: 8733, expected 8733 [OK]
row: 15, col: 10 | got: 7c05, expected 7c05 [OK]
row: 15, col: 11 | got: 8347, expected 8347 [OK]
row: 15, col: 12 | got: 301, expected 301 [OK]
row: 15, col: 13 | got: 737d, expected 737d [OK]
row: 15, col: 14 | got: bc36, expected bc36 [OK]
row: 15, col: 15 | got: 2945, expected 2945 [OK]
All tests passed. No errors detected.
Total time: 185399 ns, ops rate: 44.185783 top/s
Total compute time: 1388 ns, compute ops rate: 5902.017291 tops/s
