FULL SYSTEM TEST
---------------
Populating A and B...
Calculating reference values of C...
row: 0, col: 0 | got: 86fd, expected 86fd [OK]
row: 0, col: 1 | got: 40ad, expected 40ad [OK]
row: 0, col: 2 | got: 13b3, expected 13b3 [OK]
row: 0, col: 3 | got: 27e7, expected 27e7 [OK]
row: 0, col: 4 | got: 3ac6, expected 3ac6 [OK]
row: 0, col: 5 | got: 5bc1, expected 5bc1 [OK]
row: 0, col: 6 | got: f915, expected f915 [OK]
row: 0, col: 7 | got: ddc7, expected ddc7 [OK]
row: 0, col: 8 | got: df87, expected df87 [OK]
row: 0, col: 9 | got: 9e10, expected 9e10 [OK]
row: 0, col: 10 | got: 7a62, expected 7a62 [OK]
row: 0, col: 11 | got: 81a, expected 81a [OK]
row: 0, col: 12 | got: 4cea, expected 4cea [OK]
row: 0, col: 13 | got: e208, expected e208 [OK]
row: 0, col: 14 | got: d0fd, expected d0fd [OK]
row: 0, col: 15 | got: 85d8, expected 85d8 [OK]
row: 0, col: 16 | got: 8824, expected 8824 [OK]
row: 0, col: 17 | got: 57b8, expected 57b8 [OK]
row: 0, col: 18 | got: d86a, expected d86a [OK]
row: 0, col: 19 | got: ff4c, expected ff4c [OK]
row: 0, col: 20 | got: f085, expected f085 [OK]
row: 0, col: 21 | got: 80b0, expected 80b0 [OK]
row: 0, col: 22 | got: 2d2f, expected 2d2f [OK]
row: 0, col: 23 | got: 7475, expected 7475 [OK]
row: 0, col: 24 | got: 4ba2, expected 4ba2 [OK]
row: 0, col: 25 | got: 827d, expected 827d [OK]
row: 0, col: 26 | got: 6480, expected 6480 [OK]
row: 0, col: 27 | got: 2dd5, expected 2dd5 [OK]
row: 0, col: 28 | got: bac8, expected bac8 [OK]
row: 0, col: 29 | got: ce1b, expected ce1b [OK]
row: 0, col: 30 | got: 5b10, expected 5b10 [OK]
row: 0, col: 31 | got: ce69, expected ce69 [OK]
row: 1, col: 0 | got: 45fd, expected 45fd [OK]
row: 1, col: 1 | got: b0a5, expected b0a5 [OK]
row: 1, col: 2 | got: d2f4, expected d2f4 [OK]
row: 1, col: 3 | got: d7bb, expected d7bb [OK]
row: 1, col: 4 | got: 3ec6, expected 3ec6 [OK]
row: 1, col: 5 | got: bd06, expected bd06 [OK]
row: 1, col: 6 | got: b92a, expected b92a [OK]
row: 1, col: 7 | got: 4e4a, expected 4e4a [OK]
row: 1, col: 8 | got: 7a58, expected 7a58 [OK]
row: 1, col: 9 | got: b308, expected b308 [OK]
row: 1, col: 10 | got: 2837, expected 2837 [OK]
row: 1, col: 11 | got: 116, expected 116 [OK]
row: 1, col: 12 | got: 729d, expected 729d [OK]
row: 1, col: 13 | got: 4a24, expected 4a24 [OK]
row: 1, col: 14 | got: 7520, expected 7520 [OK]
row: 1, col: 15 | got: 9da0, expected 9da0 [OK]
row: 1, col: 16 | got: 72fe, expected 72fe [OK]
row: 1, col: 17 | got: e11f, expected e11f [OK]
row: 1, col: 18 | got: d2c1, expected d2c1 [OK]
row: 1, col: 19 | got: 126b, expected 126b [OK]
row: 1, col: 20 | got: 4c8d, expected 4c8d [OK]
row: 1, col: 21 | got: d828, expected d828 [OK]
row: 1, col: 22 | got: cc45, expected cc45 [OK]
row: 1, col: 23 | got: a41a, expected a41a [OK]
row: 1, col: 24 | got: d878, expected d878 [OK]
row: 1, col: 25 | got: 8387, expected 8387 [OK]
row: 1, col: 26 | got: 870a, expected 870a [OK]
row: 1, col: 27 | got: ea9b, expected ea9b [OK]
row: 1, col: 28 | got: 7006, expected 7006 [OK]
row: 1, col: 29 | got: 931a, expected 931a [OK]
row: 1, col: 30 | got: 736a, expected 736a [OK]
row: 1, col: 31 | got: 46db, expected 46db [OK]
row: 2, col: 0 | got: 2661, expected 2661 [OK]
row: 2, col: 1 | got: 4d1f, expected 4d1f [OK]
row: 2, col: 2 | got: 66e5, expected 66e5 [OK]
row: 2, col: 3 | got: 952b, expected 952b [OK]
row: 2, col: 4 | got: e277, expected e277 [OK]
row: 2, col: 5 | got: 6b34, expected 6b34 [OK]
row: 2, col: 6 | got: 8400, expected 8400 [OK]
row: 2, col: 7 | got: 6e88, expected 6e88 [OK]
row: 2, col: 8 | got: 5c17, expected 5c17 [OK]
row: 2, col: 9 | got: 66f4, expected 66f4 [OK]
row: 2, col: 10 | got: f4c7, expected f4c7 [OK]
row: 2, col: 11 | got: f772, expected f772 [OK]
row: 2, col: 12 | got: 8aa9, expected 8aa9 [OK]
row: 2, col: 13 | got: 942a, expected 942a [OK]
row: 2, col: 14 | got: 2330, expected 2330 [OK]
row: 2, col: 15 | got: 19b6, expected 19b6 [OK]
row: 2, col: 16 | got: 8b83, expected 8b83 [OK]
row: 2, col: 17 | got: 87e4, expected 87e4 [OK]
row: 2, col: 18 | got: eabc, expected eabc [OK]
row: 2, col: 19 | got: 3134, expected 3134 [OK]
row: 2, col: 20 | got: da17, expected da17 [OK]
row: 2, col: 21 | got: ef63, expected ef63 [OK]
row: 2, col: 22 | got: 20bf, expected 20bf [OK]
row: 2, col: 23 | got: 209f, expected 209f [OK]
row: 2, col: 24 | got: 946d, expected 946d [OK]
row: 2, col: 25 | got: c758, expected c758 [OK]
row: 2, col: 26 | got: 2ae4, expected 2ae4 [OK]
row: 2, col: 27 | got: 36b, expected 36b [OK]
row: 2, col: 28 | got: f10f, expected f10f [OK]
row: 2, col: 29 | got: bc75, expected bc75 [OK]
row: 2, col: 30 | got: 7315, expected 7315 [OK]
row: 2, col: 31 | got: 1bc1, expected 1bc1 [OK]
row: 3, col: 0 | got: 1a4c, expected 1a4c [OK]
row: 3, col: 1 | got: cd17, expected cd17 [OK]
row: 3, col: 2 | got: 641e, expected 641e [OK]
row: 3, col: 3 | got: 8faa, expected 8faa [OK]
row: 3, col: 4 | got: ce5f, expected ce5f [OK]
row: 3, col: 5 | got: b820, expected b820 [OK]
row: 3, col: 6 | got: d60c, expected d60c [OK]
row: 3, col: 7 | got: ef05, expected ef05 [OK]
row: 3, col: 8 | got: 121c, expected 121c [OK]
row: 3, col: 9 | got: 389, expected 389 [OK]
row: 3, col: 10 | got: ae72, expected ae72 [OK]
row: 3, col: 11 | got: 7867, expected 7867 [OK]
row: 3, col: 12 | got: d18b, expected d18b [OK]
row: 3, col: 13 | got: 560e, expected 560e [OK]
row: 3, col: 14 | got: dd2a, expected dd2a [OK]
row: 3, col: 15 | got: 6b7b, expected 6b7b [OK]
row: 3, col: 16 | got: 679d, expected 679d [OK]
row: 3, col: 17 | got: 50a5, expected 50a5 [OK]
row: 3, col: 18 | got: c254, expected c254 [OK]
row: 3, col: 19 | got: f1fa, expected f1fa [OK]
row: 3, col: 20 | got: f634, expected f634 [OK]
row: 3, col: 21 | got: 1067, expected 1067 [OK]
row: 3, col: 22 | got: 4a2e, expected 4a2e [OK]
row: 3, col: 23 | got: 38d5, expected 38d5 [OK]
row: 3, col: 24 | got: 663b, expected 663b [OK]
row: 3, col: 25 | got: de89, expected de89 [OK]
row: 3, col: 26 | got: 5914, expected 5914 [OK]
row: 3, col: 27 | got: 73d6, expected 73d6 [OK]
row: 3, col: 28 | got: e090, expected e090 [OK]
row: 3, col: 29 | got: fc63, expected fc63 [OK]
row: 3, col: 30 | got: 4621, expected 4621 [OK]
row: 3, col: 31 | got: d05e, expected d05e [OK]
row: 4, col: 0 | got: d67, expected d67 [OK]
row: 4, col: 1 | got: e095, expected e095 [OK]
row: 4, col: 2 | got: dd1e, expected dd1e [OK]
row: 4, col: 3 | got: b1bb, expected b1bb [OK]
row: 4, col: 4 | got: 846, expected 846 [OK]
row: 4, col: 5 | got: b43b, expected b43b [OK]
row: 4, col: 6 | got: a908, expected a908 [OK]
row: 4, col: 7 | got: 4d3c, expected 4d3c [OK]
row: 4, col: 8 | got: 443b, expected 443b [OK]
row: 4, col: 9 | got: 3f41, expected 3f41 [OK]
row: 4, col: 10 | got: 1b05, expected 1b05 [OK]
row: 4, col: 11 | got: de16, expected de16 [OK]
row: 4, col: 12 | got: e167, expected e167 [OK]
row: 4, col: 13 | got: 9dde, expected 9dde [OK]
row: 4, col: 14 | got: 5b6e, expected 5b6e [OK]
row: 4, col: 15 | got: bceb, expected bceb [OK]
row: 4, col: 16 | got: 3080, expected 3080 [OK]
row: 4, col: 17 | got: 3370, expected 3370 [OK]
row: 4, col: 18 | got: 4bd6, expected 4bd6 [OK]
row: 4, col: 19 | got: 4877, expected 4877 [OK]
row: 4, col: 20 | got: ca51, expected ca51 [OK]
row: 4, col: 21 | got: 1df1, expected 1df1 [OK]
row: 4, col: 22 | got: e349, expected e349 [OK]
row: 4, col: 23 | got: 5813, expected 5813 [OK]
row: 4, col: 24 | got: c58a, expected c58a [OK]
row: 4, col: 25 | got: c26d, expected c26d [OK]
row: 4, col: 26 | got: 761f, expected 761f [OK]
row: 4, col: 27 | got: 3979, expected 3979 [OK]
row: 4, col: 28 | got: 7723, expected 7723 [OK]
row: 4, col: 29 | got: 7cb0, expected 7cb0 [OK]
row: 4, col: 30 | got: eb60, expected eb60 [OK]
row: 4, col: 31 | got: 706b, expected 706b [OK]
row: 5, col: 0 | got: c97e, expected c97e [OK]
row: 5, col: 1 | got: 632a, expected 632a [OK]
row: 5, col: 2 | got: b3d, expected b3d [OK]
row: 5, col: 3 | got: c98c, expected c98c [OK]
row: 5, col: 4 | got: 5d8b, expected 5d8b [OK]
row: 5, col: 5 | got: 5937, expected 5937 [OK]
row: 5, col: 6 | got: 8137, expected 8137 [OK]
row: 5, col: 7 | got: 8518, expected 8518 [OK]
row: 5, col: 8 | got: b73, expected b73 [OK]
row: 5, col: 9 | got: 2c1, expected 2c1 [OK]
row: 5, col: 10 | got: 4034, expected 4034 [OK]
row: 5, col: 11 | got: fde1, expected fde1 [OK]
row: 5, col: 12 | got: 6626, expected 6626 [OK]
row: 5, col: 13 | got: 85f8, expected 85f8 [OK]
row: 5, col: 14 | got: 228c, expected 228c [OK]
row: 5, col: 15 | got: 3653, expected 3653 [OK]
row: 5, col: 16 | got: 4b9c, expected 4b9c [OK]
row: 5, col: 17 | got: b724, expected b724 [OK]
row: 5, col: 18 | got: ad09, expected ad09 [OK]
row: 5, col: 19 | got: 2924, expected 2924 [OK]
row: 5, col: 20 | got: e5f4, expected e5f4 [OK]
row: 5, col: 21 | got: ad93, expected ad93 [OK]
row: 5, col: 22 | got: e990, expected e990 [OK]
row: 5, col: 23 | got: 50db, expected 50db [OK]
row: 5, col: 24 | got: 1108, expected 1108 [OK]
row: 5, col: 25 | got: 2f04, expected 2f04 [OK]
row: 5, col: 26 | got: 8cfe, expected 8cfe [OK]
row: 5, col: 27 | got: bd73, expected bd73 [OK]
row: 5, col: 28 | got: 9baf, expected 9baf [OK]
row: 5, col: 29 | got: 8f04, expected 8f04 [OK]
row: 5, col: 30 | got: cddc, expected cddc [OK]
row: 5, col: 31 | got: 3075, expected 3075 [OK]
row: 6, col: 0 | got: 12c4, expected 12c4 [OK]
row: 6, col: 1 | got: f138, expected f138 [OK]
row: 6, col: 2 | got: cb67, expected cb67 [OK]
row: 6, col: 3 | got: dfa9, expected dfa9 [OK]
row: 6, col: 4 | got: ea23, expected ea23 [OK]
row: 6, col: 5 | got: 5c67, expected 5c67 [OK]
row: 6, col: 6 | got: cb96, expected cb96 [OK]
row: 6, col: 7 | got: 856f, expected 856f [OK]
row: 6, col: 8 | got: f8c8, expected f8c8 [OK]
row: 6, col: 9 | got: c7fa, expected c7fa [OK]
row: 6, col: 10 | got: 6c76, expected 6c76 [OK]
row: 6, col: 11 | got: 2ae1, expected 2ae1 [OK]
row: 6, col: 12 | got: b0d5, expected b0d5 [OK]
row: 6, col: 13 | got: 6e2a, expected 6e2a [OK]
row: 6, col: 14 | got: 9fc7, expected 9fc7 [OK]
row: 6, col: 15 | got: 33ee, expected 33ee [OK]
row: 6, col: 16 | got: 5f4c, expected 5f4c [OK]
row: 6, col: 17 | got: 2af9, expected 2af9 [OK]
row: 6, col: 18 | got: 3a75, expected 3a75 [OK]
row: 6, col: 19 | got: d9e2, expected d9e2 [OK]
row: 6, col: 20 | got: 6dd0, expected 6dd0 [OK]
row: 6, col: 21 | got: 5904, expected 5904 [OK]
row: 6, col: 22 | got: f5a7, expected f5a7 [OK]
row: 6, col: 23 | got: 8a97, expected 8a97 [OK]
row: 6, col: 24 | got: 5bb3, expected 5bb3 [OK]
row: 6, col: 25 | got: 3b89, expected 3b89 [OK]
row: 6, col: 26 | got: 64ea, expected 64ea [OK]
row: 6, col: 27 | got: bffe, expected bffe [OK]
row: 6, col: 28 | got: eb6d, expected eb6d [OK]
row: 6, col: 29 | got: b9d7, expected b9d7 [OK]
row: 6, col: 30 | got: 56e2, expected 56e2 [OK]
row: 6, col: 31 | got: eec2, expected eec2 [OK]
row: 7, col: 0 | got: 728a, expected 728a [OK]
row: 7, col: 1 | got: 7fa7, expected 7fa7 [OK]
row: 7, col: 2 | got: 5522, expected 5522 [OK]
row: 7, col: 3 | got: 975e, expected 975e [OK]
row: 7, col: 4 | got: 45a3, expected 45a3 [OK]
row: 7, col: 5 | got: eb38, expected eb38 [OK]
row: 7, col: 6 | got: 76a8, expected 76a8 [OK]
row: 7, col: 7 | got: cd1d, expected cd1d [OK]
row: 7, col: 8 | got: ffe4, expected ffe4 [OK]
row: 7, col: 9 | got: 46d6, expected 46d6 [OK]
row: 7, col: 10 | got: 42d0, expected 42d0 [OK]
row: 7, col: 11 | got: 58f0, expected 58f0 [OK]
row: 7, col: 12 | got: f3a, expected f3a [OK]
row: 7, col: 13 | got: 289c, expected 289c [OK]
row: 7, col: 14 | got: 8bfa, expected 8bfa [OK]
row: 7, col: 15 | got: 4554, expected 4554 [OK]
row: 7, col: 16 | got: 99ea, expected 99ea [OK]
row: 7, col: 17 | got: 2ea1, expected 2ea1 [OK]
row: 7, col: 18 | got: b3cb, expected b3cb [OK]
row: 7, col: 19 | got: c8fe, expected c8fe [OK]
row: 7, col: 20 | got: 25c5, expected 25c5 [OK]
row: 7, col: 21 | got: 91da, expected 91da [OK]
row: 7, col: 22 | got: 5ae7, expected 5ae7 [OK]
row: 7, col: 23 | got: d4df, expected d4df [OK]
row: 7, col: 24 | got: c068, expected c068 [OK]
row: 7, col: 25 | got: 7616, expected 7616 [OK]
row: 7, col: 26 | got: bbb2, expected bbb2 [OK]
row: 7, col: 27 | got: 6b87, expected 6b87 [OK]
row: 7, col: 28 | got: 5c80, expected 5c80 [OK]
row: 7, col: 29 | got: 3bad, expected 3bad [OK]
row: 7, col: 30 | got: 9d8e, expected 9d8e [OK]
row: 7, col: 31 | got: 51a, expected 51a [OK]
row: 8, col: 0 | got: a7cb, expected a7cb [OK]
row: 8, col: 1 | got: 8236, expected 8236 [OK]
row: 8, col: 2 | got: febc, expected febc [OK]
row: 8, col: 3 | got: 4fc1, expected 4fc1 [OK]
row: 8, col: 4 | got: 7685, expected 7685 [OK]
row: 8, col: 5 | got: fd42, expected fd42 [OK]
row: 8, col: 6 | got: 367a, expected 367a [OK]
row: 8, col: 7 | got: e7c4, expected e7c4 [OK]
row: 8, col: 8 | got: ea59, expected ea59 [OK]
row: 8, col: 9 | got: a7ab, expected a7ab [OK]
row: 8, col: 10 | got: a879, expected a879 [OK]
row: 8, col: 11 | got: 9805, expected 9805 [OK]
row: 8, col: 12 | got: bbeb, expected bbeb [OK]
row: 8, col: 13 | got: 8c55, expected 8c55 [OK]
row: 8, col: 14 | got: 40b0, expected 40b0 [OK]
row: 8, col: 15 | got: 590c, expected 590c [OK]
row: 8, col: 16 | got: 6ec7, expected 6ec7 [OK]
row: 8, col: 17 | got: f5ba, expected f5ba [OK]
row: 8, col: 18 | got: 7e3e, expected 7e3e [OK]
row: 8, col: 19 | got: 8986, expected 8986 [OK]
row: 8, col: 20 | got: 1582, expected 1582 [OK]
row: 8, col: 21 | got: 4df1, expected 4df1 [OK]
row: 8, col: 22 | got: 60b0, expected 60b0 [OK]
row: 8, col: 23 | got: cab, expected cab [OK]
row: 8, col: 24 | got: 3645, expected 3645 [OK]
row: 8, col: 25 | got: 150e, expected 150e [OK]
row: 8, col: 26 | got: 2cc7, expected 2cc7 [OK]
row: 8, col: 27 | got: de31, expected de31 [OK]
row: 8, col: 28 | got: 8258, expected 8258 [OK]
row: 8, col: 29 | got: a50e, expected a50e [OK]
row: 8, col: 30 | got: 8f08, expected 8f08 [OK]
row: 8, col: 31 | got: 43dd, expected 43dd [OK]
row: 9, col: 0 | got: 20af, expected 20af [OK]
row: 9, col: 1 | got: a1bd, expected a1bd [OK]
row: 9, col: 2 | got: d21b, expected d21b [OK]
row: 9, col: 3 | got: ea70, expected ea70 [OK]
row: 9, col: 4 | got: b2d, expected b2d [OK]
row: 9, col: 5 | got: c9db, expected c9db [OK]
row: 9, col: 6 | got: 9050, expected 9050 [OK]
row: 9, col: 7 | got: 98f2, expected 98f2 [OK]
row: 9, col: 8 | got: 866, expected 866 [OK]
row: 9, col: 9 | got: 3d0, expected 3d0 [OK]
row: 9, col: 10 | got: c9f2, expected c9f2 [OK]
row: 9, col: 11 | got: 1a2b, expected 1a2b [OK]
row: 9, col: 12 | got: 9167, expected 9167 [OK]
row: 9, col: 13 | got: 36c8, expected 36c8 [OK]
row: 9, col: 14 | got: 2db0, expected 2db0 [OK]
row: 9, col: 15 | got: 4103, expected 4103 [OK]
row: 9, col: 16 | got: 404e, expected 404e [OK]
row: 9, col: 17 | got: 8ef9, expected 8ef9 [OK]
row: 9, col: 18 | got: fcb2, expected fcb2 [OK]
row: 9, col: 19 | got: 4f3f, expected 4f3f [OK]
row: 9, col: 20 | got: 2a5d, expected 2a5d [OK]
row: 9, col: 21 | got: e029, expected e029 [OK]
row: 9, col: 22 | got: bad4, expected bad4 [OK]
row: 9, col: 23 | got: a6a1, expected a6a1 [OK]
row: 9, col: 24 | got: 9a1d, expected 9a1d [OK]
row: 9, col: 25 | got: 58c, expected 58c [OK]
row: 9, col: 26 | got: 7239, expected 7239 [OK]
row: 9, col: 27 | got: a73e, expected a73e [OK]
row: 9, col: 28 | got: 8a94, expected 8a94 [OK]
row: 9, col: 29 | got: f4e1, expected f4e1 [OK]
row: 9, col: 30 | got: 7bec, expected 7bec [OK]
row: 9, col: 31 | got: a911, expected a911 [OK]
row: 10, col: 0 | got: 1ddd, expected 1ddd [OK]
row: 10, col: 1 | got: 2fc0, expected 2fc0 [OK]
row: 10, col: 2 | got: e448, expected e448 [OK]
row: 10, col: 3 | got: b97c, expected b97c [OK]
row: 10, col: 4 | got: c0a5, expected c0a5 [OK]
row: 10, col: 5 | got: 1c41, expected 1c41 [OK]
row: 10, col: 6 | got: 4ce3, expected 4ce3 [OK]
row: 10, col: 7 | got: 7d19, expected 7d19 [OK]
row: 10, col: 8 | got: 2a62, expected 2a62 [OK]
row: 10, col: 9 | got: 21ca, expected 21ca [OK]
row: 10, col: 10 | got: ab80, expected ab80 [OK]
row: 10, col: 11 | got: 9334, expected 9334 [OK]
row: 10, col: 12 | got: c039, expected c039 [OK]
row: 10, col: 13 | got: ba08, expected ba08 [OK]
row: 10, col: 14 | got: 4c94, expected 4c94 [OK]
row: 10, col: 15 | got: 9304, expected 9304 [OK]
row: 10, col: 16 | got: 687b, expected 687b [OK]
row: 10, col: 17 | got: 77a7, expected 77a7 [OK]
row: 10, col: 18 | got: c581, expected c581 [OK]
row: 10, col: 19 | got: a4aa, expected a4aa [OK]
row: 10, col: 20 | got: 3dc9, expected 3dc9 [OK]
row: 10, col: 21 | got: f159, expected f159 [OK]
row: 10, col: 22 | got: 6e13, expected 6e13 [OK]
row: 10, col: 23 | got: 9313, expected 9313 [OK]
row: 10, col: 24 | got: b92a, expected b92a [OK]
row: 10, col: 25 | got: 5226, expected 5226 [OK]
row: 10, col: 26 | got: 3cd8, expected 3cd8 [OK]
row: 10, col: 27 | got: b180, expected b180 [OK]
row: 10, col: 28 | got: fdf1, expected fdf1 [OK]
row: 10, col: 29 | got: eaf3, expected eaf3 [OK]
row: 10, col: 30 | got: d5a6, expected d5a6 [OK]
row: 10, col: 31 | got: e41a, expected e41a [OK]
row: 11, col: 0 | got: 48c, expected 48c [OK]
row: 11, col: 1 | got: 4d3a, expected 4d3a [OK]
row: 11, col: 2 | got: cf61, expected cf61 [OK]
row: 11, col: 3 | got: df05, expected df05 [OK]
row: 11, col: 4 | got: b454, expected b454 [OK]
row: 11, col: 5 | got: cb31, expected cb31 [OK]
row: 11, col: 6 | got: ab12, expected ab12 [OK]
row: 11, col: 7 | got: 805e, expected 805e [OK]
row: 11, col: 8 | got: ac8, expected ac8 [OK]
row: 11, col: 9 | got: 5b38, expected 5b38 [OK]
row: 11, col: 10 | got: 760c, expected 760c [OK]
row: 11, col: 11 | got: ffd5, expected ffd5 [OK]
row: 11, col: 12 | got: acb7, expected acb7 [OK]
row: 11, col: 13 | got: e661, expected e661 [OK]
row: 11, col: 14 | got: d5e9, expected d5e9 [OK]
row: 11, col: 15 | got: f47c, expected f47c [OK]
row: 11, col: 16 | got: 9b6c, expected 9b6c [OK]
row: 11, col: 17 | got: 1771, expected 1771 [OK]
row: 11, col: 18 | got: ec4a, expected ec4a [OK]
row: 11, col: 19 | got: 5db6, expected 5db6 [OK]
row: 11, col: 20 | got: 6740, expected 6740 [OK]
row: 11, col: 21 | got: ca67, expected ca67 [OK]
row: 11, col: 22 | got: 6712, expected 6712 [OK]
row: 11, col: 23 | got: aea8, expected aea8 [OK]
row: 11, col: 24 | got: d2b1, expected d2b1 [OK]
row: 11, col: 25 | got: fb9f, expected fb9f [OK]
row: 11, col: 26 | got: adf, expected adf [OK]
row: 11, col: 27 | got: 659b, expected 659b [OK]
row: 11, col: 28 | got: fd3e, expected fd3e [OK]
row: 11, col: 29 | got: 3ab, expected 3ab [OK]
row: 11, col: 30 | got: 3375, expected 3375 [OK]
row: 11, col: 31 | got: 8746, expected 8746 [OK]
row: 12, col: 0 | got: 8a61, expected 8a61 [OK]
row: 12, col: 1 | got: e22e, expected e22e [OK]
row: 12, col: 2 | got: 1d02, expected 1d02 [OK]
row: 12, col: 3 | got: ca7b, expected ca7b [OK]
row: 12, col: 4 | got: b3fb, expected b3fb [OK]
row: 12, col: 5 | got: fe9a, expected fe9a [OK]
row: 12, col: 6 | got: e894, expected e894 [OK]
row: 12, col: 7 | got: 40ce, expected 40ce [OK]
row: 12, col: 8 | got: f9fb, expected f9fb [OK]
row: 12, col: 9 | got: 2acb, expected 2acb [OK]
row: 12, col: 10 | got: 44c7, expected 44c7 [OK]
row: 12, col: 11 | got: 639c, expected 639c [OK]
row: 12, col: 12 | got: 60c0, expected 60c0 [OK]
row: 12, col: 13 | got: 1c03, expected 1c03 [OK]
row: 12, col: 14 | got: dd18, expected dd18 [OK]
row: 12, col: 15 | got: 4237, expected 4237 [OK]
row: 12, col: 16 | got: 9325, expected 9325 [OK]
row: 12, col: 17 | got: f6ee, expected f6ee [OK]
row: 12, col: 18 | got: ff5e, expected ff5e [OK]
row: 12, col: 19 | got: 604b, expected 604b [OK]
row: 12, col: 20 | got: 8b31, expected 8b31 [OK]
row: 12, col: 21 | got: 1cb0, expected 1cb0 [OK]
row: 12, col: 22 | got: afde, expected afde [OK]
row: 12, col: 23 | got: 8ccf, expected 8ccf [OK]
row: 12, col: 24 | got: a446, expected a446 [OK]
row: 12, col: 25 | got: b3d8, expected b3d8 [OK]
row: 12, col: 26 | got: dc16, expected dc16 [OK]
row: 12, col: 27 | got: 4106, expected 4106 [OK]
row: 12, col: 28 | got: e03d, expected e03d [OK]
row: 12, col: 29 | got: a942, expected a942 [OK]
row: 12, col: 30 | got: 6533, expected 6533 [OK]
row: 12, col: 31 | got: 4ad, expected 4ad [OK]
row: 13, col: 0 | got: fc3d, expected fc3d [OK]
row: 13, col: 1 | got: 317f, expected 317f [OK]
row: 13, col: 2 | got: f80a, expected f80a [OK]
row: 13, col: 3 | got: 1412, expected 1412 [OK]
row: 13, col: 4 | got: fb53, expected fb53 [OK]
row: 13, col: 5 | got: 263, expected 263 [OK]
row: 13, col: 6 | got: 484e, expected 484e [OK]
row: 13, col: 7 | got: cef6, expected cef6 [OK]
row: 13, col: 8 | got: e1cd, expected e1cd [OK]
row: 13, col: 9 | got: c49c, expected c49c [OK]
row: 13, col: 10 | got: 13d6, expected 13d6 [OK]
row: 13, col: 11 | got: 1ae2, expected 1ae2 [OK]
row: 13, col: 12 | got: d526, expected d526 [OK]
row: 13, col: 13 | got: 19bd, expected 19bd [OK]
row: 13, col: 14 | got: 1276, expected 1276 [OK]
row: 13, col: 15 | got: 60a7, expected 60a7 [OK]
row: 13, col: 16 | got: fe50, expected fe50 [OK]
row: 13, col: 17 | got: 5d7b, expected 5d7b [OK]
row: 13, col: 18 | got: 7fc7, expected 7fc7 [OK]
row: 13, col: 19 | got: ff29, expected ff29 [OK]
row: 13, col: 20 | got: 1b3f, expected 1b3f [OK]
row: 13, col: 21 | got: 7aac, expected 7aac [OK]
row: 13, col: 22 | got: 95d4, expected 95d4 [OK]
row: 13, col: 23 | got: 2c14, expected 2c14 [OK]
row: 13, col: 24 | got: fef5, expected fef5 [OK]
row: 13, col: 25 | got: efd8, expected efd8 [OK]
row: 13, col: 26 | got: a60, expected a60 [OK]
row: 13, col: 27 | got: 6a2, expected 6a2 [OK]
row: 13, col: 28 | got: d21b, expected d21b [OK]
row: 13, col: 29 | got: e14b, expected e14b [OK]
row: 13, col: 30 | got: 2521, expected 2521 [OK]
row: 13, col: 31 | got: 1c7a, expected 1c7a [OK]
row: 14, col: 0 | got: e60, expected e60 [OK]
row: 14, col: 1 | got: c997, expected c997 [OK]
row: 14, col: 2 | got: 627c, expected 627c [OK]
row: 14, col: 3 | got: 7558, expected 7558 [OK]
row: 14, col: 4 | got: d982, expected d982 [OK]
row: 14, col: 5 | got: 5a69, expected 5a69 [OK]
row: 14, col: 6 | got: 8c6f, expected 8c6f [OK]
row: 14, col: 7 | got: dd18, expected dd18 [OK]
row: 14, col: 8 | got: b7f5, expected b7f5 [OK]
row: 14, col: 9 | got: d054, expected d054 [OK]
row: 14, col: 10 | got: 39c1, expected 39c1 [OK]
row: 14, col: 11 | got: f2a1, expected f2a1 [OK]
row: 14, col: 12 | got: 32ad, expected 32ad [OK]
row: 14, col: 13 | got: cfd7, expected cfd7 [OK]
row: 14, col: 14 | got: a3a3, expected a3a3 [OK]
row: 14, col: 15 | got: beaa, expected beaa [OK]
row: 14, col: 16 | got: 40df, expected 40df [OK]
row: 14, col: 17 | got: 6855, expected 6855 [OK]
row: 14, col: 18 | got: 2edb, expected 2edb [OK]
row: 14, col: 19 | got: 487, expected 487 [OK]
row: 14, col: 20 | got: d091, expected d091 [OK]
row: 14, col: 21 | got: 2164, expected 2164 [OK]
row: 14, col: 22 | got: c8b6, expected c8b6 [OK]
row: 14, col: 23 | got: cff4, expected cff4 [OK]
row: 14, col: 24 | got: 83dd, expected 83dd [OK]
row: 14, col: 25 | got: a848, expected a848 [OK]
row: 14, col: 26 | got: 4674, expected 4674 [OK]
row: 14, col: 27 | got: 4dcb, expected 4dcb [OK]
row: 14, col: 28 | got: a29b, expected a29b [OK]
row: 14, col: 29 | got: b654, expected b654 [OK]
row: 14, col: 30 | got: d0db, expected d0db [OK]
row: 14, col: 31 | got: 196c, expected 196c [OK]
row: 15, col: 0 | got: 8fec, expected 8fec [OK]
row: 15, col: 1 | got: e2fd, expected e2fd [OK]
row: 15, col: 2 | got: 343, expected 343 [OK]
row: 15, col: 3 | got: 8a77, expected 8a77 [OK]
row: 15, col: 4 | got: a377, expected a377 [OK]
row: 15, col: 5 | got: e73e, expected e73e [OK]
row: 15, col: 6 | got: 3053, expected 3053 [OK]
row: 15, col: 7 | got: 919a, expected 919a [OK]
row: 15, col: 8 | got: 2fca, expected 2fca [OK]
row: 15, col: 9 | got: 64d6, expected 64d6 [OK]
row: 15, col: 10 | got: 6d2f, expected 6d2f [OK]
row: 15, col: 11 | got: d011, expected d011 [OK]
row: 15, col: 12 | got: 13d6, expected 13d6 [OK]
row: 15, col: 13 | got: f28c, expected f28c [OK]
row: 15, col: 14 | got: 2199, expected 2199 [OK]
row: 15, col: 15 | got: 1f0e, expected 1f0e [OK]
row: 15, col: 16 | got: 6fde, expected 6fde [OK]
row: 15, col: 17 | got: f377, expected f377 [OK]
row: 15, col: 18 | got: bd18, expected bd18 [OK]
row: 15, col: 19 | got: 2528, expected 2528 [OK]
row: 15, col: 20 | got: 3869, expected 3869 [OK]
row: 15, col: 21 | got: 8cfb, expected 8cfb [OK]
row: 15, col: 22 | got: e4da, expected e4da [OK]
row: 15, col: 23 | got: beb, expected beb [OK]
row: 15, col: 24 | got: 5ca2, expected 5ca2 [OK]
row: 15, col: 25 | got: 381a, expected 381a [OK]
row: 15, col: 26 | got: e97, expected e97 [OK]
row: 15, col: 27 | got: ee23, expected ee23 [OK]
row: 15, col: 28 | got: 83a7, expected 83a7 [OK]
row: 15, col: 29 | got: a5ca, expected a5ca [OK]
row: 15, col: 30 | got: a027, expected a027 [OK]
row: 15, col: 31 | got: 8a6, expected 8a6 [OK]
row: 16, col: 0 | got: b073, expected b073 [OK]
row: 16, col: 1 | got: d3d1, expected d3d1 [OK]
row: 16, col: 2 | got: f2d6, expected f2d6 [OK]
row: 16, col: 3 | got: 8d45, expected 8d45 [OK]
row: 16, col: 4 | got: ac13, expected ac13 [OK]
row: 16, col: 5 | got: ea2b, expected ea2b [OK]
row: 16, col: 6 | got: e1e2, expected e1e2 [OK]
row: 16, col: 7 | got: fc8d, expected fc8d [OK]
row: 16, col: 8 | got: fc42, expected fc42 [OK]
row: 16, col: 9 | got: c20c, expected c20c [OK]
row: 16, col: 10 | got: c251, expected c251 [OK]
row: 16, col: 11 | got: 6806, expected 6806 [OK]
row: 16, col: 12 | got: e79a, expected e79a [OK]
row: 16, col: 13 | got: 1344, expected 1344 [OK]
row: 16, col: 14 | got: 4a0b, expected 4a0b [OK]
row: 16, col: 15 | got: ef18, expected ef18 [OK]
row: 16, col: 16 | got: d6b5, expected d6b5 [OK]
row: 16, col: 17 | got: 953c, expected 953c [OK]
row: 16, col: 18 | got: de2f, expected de2f [OK]
row: 16, col: 19 | got: edf3, expected edf3 [OK]
row: 16, col: 20 | got: cba7, expected cba7 [OK]
row: 16, col: 21 | got: 262b, expected 262b [OK]
row: 16, col: 22 | got: 1649, expected 1649 [OK]
row: 16, col: 23 | got: 263c, expected 263c [OK]
row: 16, col: 24 | got: c4d9, expected c4d9 [OK]
row: 16, col: 25 | got: e2fb, expected e2fb [OK]
row: 16, col: 26 | got: 1c16, expected 1c16 [OK]
row: 16, col: 27 | got: 44b2, expected 44b2 [OK]
row: 16, col: 28 | got: bcf3, expected bcf3 [OK]
row: 16, col: 29 | got: 5394, expected 5394 [OK]
row: 16, col: 30 | got: bb70, expected bb70 [OK]
row: 16, col: 31 | got: 8956, expected 8956 [OK]
row: 17, col: 0 | got: ceda, expected ceda [OK]
row: 17, col: 1 | got: 8338, expected 8338 [OK]
row: 17, col: 2 | got: 19be, expected 19be [OK]
row: 17, col: 3 | got: d297, expected d297 [OK]
row: 17, col: 4 | got: af1, expected af1 [OK]
row: 17, col: 5 | got: b3a1, expected b3a1 [OK]
row: 17, col: 6 | got: 1aa, expected 1aa [OK]
row: 17, col: 7 | got: a7b0, expected a7b0 [OK]
row: 17, col: 8 | got: dfe4, expected dfe4 [OK]
row: 17, col: 9 | got: 64b4, expected 64b4 [OK]
row: 17, col: 10 | got: e6ea, expected e6ea [OK]
row: 17, col: 11 | got: 6ca0, expected 6ca0 [OK]
row: 17, col: 12 | got: 9c8d, expected 9c8d [OK]
row: 17, col: 13 | got: 2bf8, expected 2bf8 [OK]
row: 17, col: 14 | got: d9af, expected d9af [OK]
row: 17, col: 15 | got: ad1d, expected ad1d [OK]
row: 17, col: 16 | got: 19f0, expected 19f0 [OK]
row: 17, col: 17 | got: ed0f, expected ed0f [OK]
row: 17, col: 18 | got: 9fad, expected 9fad [OK]
row: 17, col: 19 | got: 5452, expected 5452 [OK]
row: 17, col: 20 | got: fcdf, expected fcdf [OK]
row: 17, col: 21 | got: 228e, expected 228e [OK]
row: 17, col: 22 | got: 3410, expected 3410 [OK]
row: 17, col: 23 | got: be5e, expected be5e [OK]
row: 17, col: 24 | got: 6e00, expected 6e00 [OK]
row: 17, col: 25 | got: f122, expected f122 [OK]
row: 17, col: 26 | got: 7361, expected 7361 [OK]
row: 17, col: 27 | got: 1fc3, expected 1fc3 [OK]
row: 17, col: 28 | got: 7516, expected 7516 [OK]
row: 17, col: 29 | got: 3f1f, expected 3f1f [OK]
row: 17, col: 30 | got: 2f64, expected 2f64 [OK]
row: 17, col: 31 | got: 8155, expected 8155 [OK]
row: 18, col: 0 | got: 3bca, expected 3bca [OK]
row: 18, col: 1 | got: 6ae0, expected 6ae0 [OK]
row: 18, col: 2 | got: 3858, expected 3858 [OK]
row: 18, col: 3 | got: f4a3, expected f4a3 [OK]
row: 18, col: 4 | got: cbe, expected cbe [OK]
row: 18, col: 5 | got: 9c5a, expected 9c5a [OK]
row: 18, col: 6 | got: bb31, expected bb31 [OK]
row: 18, col: 7 | got: 45d1, expected 45d1 [OK]
row: 18, col: 8 | got: 1db0, expected 1db0 [OK]
row: 18, col: 9 | got: fdc, expected fdc [OK]
row: 18, col: 10 | got: eb8, expected eb8 [OK]
row: 18, col: 11 | got: 12f6, expected 12f6 [OK]
row: 18, col: 12 | got: dfd6, expected dfd6 [OK]
row: 18, col: 13 | got: 3886, expected 3886 [OK]
row: 18, col: 14 | got: 6987, expected 6987 [OK]
row: 18, col: 15 | got: f296, expected f296 [OK]
row: 18, col: 16 | got: a808, expected a808 [OK]
row: 18, col: 17 | got: 555e, expected 555e [OK]
row: 18, col: 18 | got: 646f, expected 646f [OK]
row: 18, col: 19 | got: 5fb2, expected 5fb2 [OK]
row: 18, col: 20 | got: 635f, expected 635f [OK]
row: 18, col: 21 | got: 15e, expected 15e [OK]
row: 18, col: 22 | got: dcb7, expected dcb7 [OK]
row: 18, col: 23 | got: 7e95, expected 7e95 [OK]
row: 18, col: 24 | got: 5ca0, expected 5ca0 [OK]
row: 18, col: 25 | got: 6226, expected 6226 [OK]
row: 18, col: 26 | got: b188, expected b188 [OK]
row: 18, col: 27 | got: c3a8, expected c3a8 [OK]
row: 18, col: 28 | got: 3a82, expected 3a82 [OK]
row: 18, col: 29 | got: 1b1e, expected 1b1e [OK]
row: 18, col: 30 | got: 142d, expected 142d [OK]
row: 18, col: 31 | got: c8a3, expected c8a3 [OK]
row: 19, col: 0 | got: f365, expected f365 [OK]
row: 19, col: 1 | got: ca50, expected ca50 [OK]
row: 19, col: 2 | got: 2bdc, expected 2bdc [OK]
row: 19, col: 3 | got: ed4e, expected ed4e [OK]
row: 19, col: 4 | got: 2198, expected 2198 [OK]
row: 19, col: 5 | got: f8d4, expected f8d4 [OK]
row: 19, col: 6 | got: 3bff, expected 3bff [OK]
row: 19, col: 7 | got: 7dda, expected 7dda [OK]
row: 19, col: 8 | got: 1262, expected 1262 [OK]
row: 19, col: 9 | got: 957, expected 957 [OK]
row: 19, col: 10 | got: d65b, expected d65b [OK]
row: 19, col: 11 | got: d93, expected d93 [OK]
row: 19, col: 12 | got: 4cdd, expected 4cdd [OK]
row: 19, col: 13 | got: 6d7e, expected 6d7e [OK]
row: 19, col: 14 | got: 6851, expected 6851 [OK]
row: 19, col: 15 | got: a728, expected a728 [OK]
row: 19, col: 16 | got: 9422, expected 9422 [OK]
row: 19, col: 17 | got: 20ba, expected 20ba [OK]
row: 19, col: 18 | got: a55c, expected a55c [OK]
row: 19, col: 19 | got: 81e7, expected 81e7 [OK]
row: 19, col: 20 | got: b9b3, expected b9b3 [OK]
row: 19, col: 21 | got: de4c, expected de4c [OK]
row: 19, col: 22 | got: ebe9, expected ebe9 [OK]
row: 19, col: 23 | got: 14e, expected 14e [OK]
row: 19, col: 24 | got: f613, expected f613 [OK]
row: 19, col: 25 | got: b94b, expected b94b [OK]
row: 19, col: 26 | got: 1f4e, expected 1f4e [OK]
row: 19, col: 27 | got: b21b, expected b21b [OK]
row: 19, col: 28 | got: e8ae, expected e8ae [OK]
row: 19, col: 29 | got: 7166, expected 7166 [OK]
row: 19, col: 30 | got: 3029, expected 3029 [OK]
row: 19, col: 31 | got: 9f63, expected 9f63 [OK]
row: 20, col: 0 | got: bc58, expected bc58 [OK]
row: 20, col: 1 | got: a2c8, expected a2c8 [OK]
row: 20, col: 2 | got: 4b04, expected 4b04 [OK]
row: 20, col: 3 | got: dc5a, expected dc5a [OK]
row: 20, col: 4 | got: de73, expected de73 [OK]
row: 20, col: 5 | got: 61c9, expected 61c9 [OK]
row: 20, col: 6 | got: 70d7, expected 70d7 [OK]
row: 20, col: 7 | got: 7122, expected 7122 [OK]
row: 20, col: 8 | got: 3daa, expected 3daa [OK]
row: 20, col: 9 | got: f028, expected f028 [OK]
row: 20, col: 10 | got: 13ac, expected 13ac [OK]
row: 20, col: 11 | got: 7554, expected 7554 [OK]
row: 20, col: 12 | got: 2919, expected 2919 [OK]
row: 20, col: 13 | got: ecd8, expected ecd8 [OK]
row: 20, col: 14 | got: c1ff, expected c1ff [OK]
row: 20, col: 15 | got: 7731, expected 7731 [OK]
row: 20, col: 16 | got: ea71, expected ea71 [OK]
row: 20, col: 17 | got: ba7f, expected ba7f [OK]
row: 20, col: 18 | got: 770a, expected 770a [OK]
row: 20, col: 19 | got: bff2, expected bff2 [OK]
row: 20, col: 20 | got: c221, expected c221 [OK]
row: 20, col: 21 | got: a0d0, expected a0d0 [OK]
row: 20, col: 22 | got: 5d52, expected 5d52 [OK]
row: 20, col: 23 | got: 4a18, expected 4a18 [OK]
row: 20, col: 24 | got: b8c8, expected b8c8 [OK]
row: 20, col: 25 | got: 5264, expected 5264 [OK]
row: 20, col: 26 | got: c4d5, expected c4d5 [OK]
row: 20, col: 27 | got: 904, expected 904 [OK]
row: 20, col: 28 | got: 7949, expected 7949 [OK]
row: 20, col: 29 | got: 9e08, expected 9e08 [OK]
row: 20, col: 30 | got: 1cbc, expected 1cbc [OK]
row: 20, col: 31 | got: 71ec, expected 71ec [OK]
row: 21, col: 0 | got: acfb, expected acfb [OK]
row: 21, col: 1 | got: f6db, expected f6db [OK]
row: 21, col: 2 | got: b5e8, expected b5e8 [OK]
row: 21, col: 3 | got: f6a, expected f6a [OK]
row: 21, col: 4 | got: ff9f, expected ff9f [OK]
row: 21, col: 5 | got: 8939, expected 8939 [OK]
row: 21, col: 6 | got: 7c2c, expected 7c2c [OK]
row: 21, col: 7 | got: bbfd, expected bbfd [OK]
row: 21, col: 8 | got: c634, expected c634 [OK]
row: 21, col: 9 | got: 259a, expected 259a [OK]
row: 21, col: 10 | got: 7754, expected 7754 [OK]
row: 21, col: 11 | got: 8a80, expected 8a80 [OK]
row: 21, col: 12 | got: b499, expected b499 [OK]
row: 21, col: 13 | got: 6173, expected 6173 [OK]
row: 21, col: 14 | got: e6a3, expected e6a3 [OK]
row: 21, col: 15 | got: 7d00, expected 7d00 [OK]
row: 21, col: 16 | got: 8301, expected 8301 [OK]
row: 21, col: 17 | got: c0ca, expected c0ca [OK]
row: 21, col: 18 | got: 7acb, expected 7acb [OK]
row: 21, col: 19 | got: 422b, expected 422b [OK]
row: 21, col: 20 | got: 1cbb, expected 1cbb [OK]
row: 21, col: 21 | got: f6cf, expected f6cf [OK]
row: 21, col: 22 | got: 67ed, expected 67ed [OK]
row: 21, col: 23 | got: 604e, expected 604e [OK]
row: 21, col: 24 | got: 2ec1, expected 2ec1 [OK]
row: 21, col: 25 | got: 2440, expected 2440 [OK]
row: 21, col: 26 | got: c6d0, expected c6d0 [OK]
row: 21, col: 27 | got: c035, expected c035 [OK]
row: 21, col: 28 | got: 2f, expected 2f [OK]
row: 21, col: 29 | got: 8f31, expected 8f31 [OK]
row: 21, col: 30 | got: d96d, expected d96d [OK]
row: 21, col: 31 | got: b25d, expected b25d [OK]
row: 22, col: 0 | got: 1db8, expected 1db8 [OK]
row: 22, col: 1 | got: f20a, expected f20a [OK]
row: 22, col: 2 | got: ba80, expected ba80 [OK]
row: 22, col: 3 | got: b811, expected b811 [OK]
row: 22, col: 4 | got: 9423, expected 9423 [OK]
row: 22, col: 5 | got: 651c, expected 651c [OK]
row: 22, col: 6 | got: ce79, expected ce79 [OK]
row: 22, col: 7 | got: 27a2, expected 27a2 [OK]
row: 22, col: 8 | got: 93e9, expected 93e9 [OK]
row: 22, col: 9 | got: 16c, expected 16c [OK]
row: 22, col: 10 | got: 84e4, expected 84e4 [OK]
row: 22, col: 11 | got: b4b4, expected b4b4 [OK]
row: 22, col: 12 | got: f80b, expected f80b [OK]
row: 22, col: 13 | got: 4a9d, expected 4a9d [OK]
row: 22, col: 14 | got: 7eed, expected 7eed [OK]
row: 22, col: 15 | got: 54cf, expected 54cf [OK]
row: 22, col: 16 | got: 5a23, expected 5a23 [OK]
row: 22, col: 17 | got: 264a, expected 264a [OK]
row: 22, col: 18 | got: 9c04, expected 9c04 [OK]
row: 22, col: 19 | got: bf5f, expected bf5f [OK]
row: 22, col: 20 | got: a3fc, expected a3fc [OK]
row: 22, col: 21 | got: b455, expected b455 [OK]
row: 22, col: 22 | got: 9607, expected 9607 [OK]
row: 22, col: 23 | got: 95c0, expected 95c0 [OK]
row: 22, col: 24 | got: 4c0c, expected 4c0c [OK]
row: 22, col: 25 | got: c58e, expected c58e [OK]
row: 22, col: 26 | got: fcce, expected fcce [OK]
row: 22, col: 27 | got: 1388, expected 1388 [OK]
row: 22, col: 28 | got: 80b6, expected 80b6 [OK]
row: 22, col: 29 | got: c83f, expected c83f [OK]
row: 22, col: 30 | got: 7cfb, expected 7cfb [OK]
row: 22, col: 31 | got: a7ce, expected a7ce [OK]
row: 23, col: 0 | got: 7190, expected 7190 [OK]
row: 23, col: 1 | got: 4f19, expected 4f19 [OK]
row: 23, col: 2 | got: f81d, expected f81d [OK]
row: 23, col: 3 | got: dbcb, expected dbcb [OK]
row: 23, col: 4 | got: 7fcf, expected 7fcf [OK]
row: 23, col: 5 | got: df88, expected df88 [OK]
row: 23, col: 6 | got: a78c, expected a78c [OK]
row: 23, col: 7 | got: 4383, expected 4383 [OK]
row: 23, col: 8 | got: 83d0, expected 83d0 [OK]
row: 23, col: 9 | got: e439, expected e439 [OK]
row: 23, col: 10 | got: c8e5, expected c8e5 [OK]
row: 23, col: 11 | got: 539c, expected 539c [OK]
row: 23, col: 12 | got: 8380, expected 8380 [OK]
row: 23, col: 13 | got: 159b, expected 159b [OK]
row: 23, col: 14 | got: 8cf2, expected 8cf2 [OK]
row: 23, col: 15 | got: 45a8, expected 45a8 [OK]
row: 23, col: 16 | got: 24ca, expected 24ca [OK]
row: 23, col: 17 | got: 40a0, expected 40a0 [OK]
row: 23, col: 18 | got: f3e8, expected f3e8 [OK]
row: 23, col: 19 | got: c9ab, expected c9ab [OK]
row: 23, col: 20 | got: 5504, expected 5504 [OK]
row: 23, col: 21 | got: ec17, expected ec17 [OK]
row: 23, col: 22 | got: 4064, expected 4064 [OK]
row: 23, col: 23 | got: b20f, expected b20f [OK]
row: 23, col: 24 | got: d12b, expected d12b [OK]
row: 23, col: 25 | got: 850f, expected 850f [OK]
row: 23, col: 26 | got: b6a, expected b6a [OK]
row: 23, col: 27 | got: f5d4, expected f5d4 [OK]
row: 23, col: 28 | got: ea61, expected ea61 [OK]
row: 23, col: 29 | got: 235c, expected 235c [OK]
row: 23, col: 30 | got: 19e9, expected 19e9 [OK]
row: 23, col: 31 | got: ffa8, expected ffa8 [OK]
row: 24, col: 0 | got: fa8f, expected fa8f [OK]
row: 24, col: 1 | got: 4296, expected 4296 [OK]
row: 24, col: 2 | got: 3145, expected 3145 [OK]
row: 24, col: 3 | got: 1585, expected 1585 [OK]
row: 24, col: 4 | got: e230, expected e230 [OK]
row: 24, col: 5 | got: a297, expected a297 [OK]
row: 24, col: 6 | got: e0c7, expected e0c7 [OK]
row: 24, col: 7 | got: 278f, expected 278f [OK]
row: 24, col: 8 | got: 826d, expected 826d [OK]
row: 24, col: 9 | got: 809f, expected 809f [OK]
row: 24, col: 10 | got: b316, expected b316 [OK]
row: 24, col: 11 | got: 4d86, expected 4d86 [OK]
row: 24, col: 12 | got: 779, expected 779 [OK]
row: 24, col: 13 | got: d6fd, expected d6fd [OK]
row: 24, col: 14 | got: 9aa7, expected 9aa7 [OK]
row: 24, col: 15 | got: 1628, expected 1628 [OK]
row: 24, col: 16 | got: 7052, expected 7052 [OK]
row: 24, col: 17 | got: 12d8, expected 12d8 [OK]
row: 24, col: 18 | got: 8ce4, expected 8ce4 [OK]
row: 24, col: 19 | got: 6ce5, expected 6ce5 [OK]
row: 24, col: 20 | got: 8fda, expected 8fda [OK]
row: 24, col: 21 | got: 51f9, expected 51f9 [OK]
row: 24, col: 22 | got: e204, expected e204 [OK]
row: 24, col: 23 | got: 8bd9, expected 8bd9 [OK]
row: 24, col: 24 | got: 4c, expected 4c [OK]
row: 24, col: 25 | got: 55a3, expected 55a3 [OK]
row: 24, col: 26 | got: c02c, expected c02c [OK]
row: 24, col: 27 | got: fa62, expected fa62 [OK]
row: 24, col: 28 | got: 9262, expected 9262 [OK]
row: 24, col: 29 | got: 8428, expected 8428 [OK]
row: 24, col: 30 | got: d028, expected d028 [OK]
row: 24, col: 31 | got: 3c38, expected 3c38 [OK]
row: 25, col: 0 | got: e482, expected e482 [OK]
row: 25, col: 1 | got: 750f, expected 750f [OK]
row: 25, col: 2 | got: a0bf, expected a0bf [OK]
row: 25, col: 3 | got: 9c2, expected 9c2 [OK]
row: 25, col: 4 | got: 7d9d, expected 7d9d [OK]
row: 25, col: 5 | got: f0de, expected f0de [OK]
row: 25, col: 6 | got: a5ef, expected a5ef [OK]
row: 25, col: 7 | got: f4b7, expected f4b7 [OK]
row: 25, col: 8 | got: 3c22, expected 3c22 [OK]
row: 25, col: 9 | got: 2c5c, expected 2c5c [OK]
row: 25, col: 10 | got: 5bc, expected 5bc [OK]
row: 25, col: 11 | got: a11d, expected a11d [OK]
row: 25, col: 12 | got: 2257, expected 2257 [OK]
row: 25, col: 13 | got: 6a84, expected 6a84 [OK]
row: 25, col: 14 | got: 3da, expected 3da [OK]
row: 25, col: 15 | got: 4afc, expected 4afc [OK]
row: 25, col: 16 | got: a40b, expected a40b [OK]
row: 25, col: 17 | got: b80d, expected b80d [OK]
row: 25, col: 18 | got: b227, expected b227 [OK]
row: 25, col: 19 | got: a446, expected a446 [OK]
row: 25, col: 20 | got: aaf5, expected aaf5 [OK]
row: 25, col: 21 | got: 41fa, expected 41fa [OK]
row: 25, col: 22 | got: 889e, expected 889e [OK]
row: 25, col: 23 | got: 43c1, expected 43c1 [OK]
row: 25, col: 24 | got: 1d7d, expected 1d7d [OK]
row: 25, col: 25 | got: c24c, expected c24c [OK]
row: 25, col: 26 | got: 1376, expected 1376 [OK]
row: 25, col: 27 | got: dd09, expected dd09 [OK]
row: 25, col: 28 | got: bc85, expected bc85 [OK]
row: 25, col: 29 | got: 9072, expected 9072 [OK]
row: 25, col: 30 | got: f4a, expected f4a [OK]
row: 25, col: 31 | got: 738, expected 738 [OK]
row: 26, col: 0 | got: 9949, expected 9949 [OK]
row: 26, col: 1 | got: 6b89, expected 6b89 [OK]
row: 26, col: 2 | got: 51c1, expected 51c1 [OK]
row: 26, col: 3 | got: 2e28, expected 2e28 [OK]
row: 26, col: 4 | got: 41a4, expected 41a4 [OK]
row: 26, col: 5 | got: f83e, expected f83e [OK]
row: 26, col: 6 | got: 4e9b, expected 4e9b [OK]
row: 26, col: 7 | got: 7edc, expected 7edc [OK]
row: 26, col: 8 | got: a35d, expected a35d [OK]
row: 26, col: 9 | got: 81b0, expected 81b0 [OK]
row: 26, col: 10 | got: c062, expected c062 [OK]
row: 26, col: 11 | got: 9289, expected 9289 [OK]
row: 26, col: 12 | got: 769, expected 769 [OK]
row: 26, col: 13 | got: 8435, expected 8435 [OK]
row: 26, col: 14 | got: b46c, expected b46c [OK]
row: 26, col: 15 | got: 91fe, expected 91fe [OK]
row: 26, col: 16 | got: 85ea, expected 85ea [OK]
row: 26, col: 17 | got: de75, expected de75 [OK]
row: 26, col: 18 | got: c320, expected c320 [OK]
row: 26, col: 19 | got: c43c, expected c43c [OK]
row: 26, col: 20 | got: e6, expected e6 [OK]
row: 26, col: 21 | got: 4bdc, expected 4bdc [OK]
row: 26, col: 22 | got: f7f8, expected f7f8 [OK]
row: 26, col: 23 | got: a7c9, expected a7c9 [OK]
row: 26, col: 24 | got: b264, expected b264 [OK]
row: 26, col: 25 | got: 1521, expected 1521 [OK]
row: 26, col: 26 | got: a6ad, expected a6ad [OK]
row: 26, col: 27 | got: 90d2, expected 90d2 [OK]
row: 26, col: 28 | got: e29b, expected e29b [OK]
row: 26, col: 29 | got: cfbd, expected cfbd [OK]
row: 26, col: 30 | got: 56a6, expected 56a6 [OK]
row: 26, col: 31 | got: 880e, expected 880e [OK]
row: 27, col: 0 | got: 14a9, expected 14a9 [OK]
row: 27, col: 1 | got: f9ac, expected f9ac [OK]
row: 27, col: 2 | got: 6f66, expected 6f66 [OK]
row: 27, col: 3 | got: c83f, expected c83f [OK]
row: 27, col: 4 | got: b6fd, expected b6fd [OK]
row: 27, col: 5 | got: b484, expected b484 [OK]
row: 27, col: 6 | got: 9997, expected 9997 [OK]
row: 27, col: 7 | got: b2f3, expected b2f3 [OK]
row: 27, col: 8 | got: cf0d, expected cf0d [OK]
row: 27, col: 9 | got: e84a, expected e84a [OK]
row: 27, col: 10 | got: 72b2, expected 72b2 [OK]
row: 27, col: 11 | got: e10e, expected e10e [OK]
row: 27, col: 12 | got: df79, expected df79 [OK]
row: 27, col: 13 | got: 1250, expected 1250 [OK]
row: 27, col: 14 | got: 5ac0, expected 5ac0 [OK]
row: 27, col: 15 | got: 6bc7, expected 6bc7 [OK]
row: 27, col: 16 | got: 41be, expected 41be [OK]
row: 27, col: 17 | got: 4731, expected 4731 [OK]
row: 27, col: 18 | got: 338a, expected 338a [OK]
row: 27, col: 19 | got: 52d8, expected 52d8 [OK]
row: 27, col: 20 | got: 6805, expected 6805 [OK]
row: 27, col: 21 | got: f1c6, expected f1c6 [OK]
row: 27, col: 22 | got: aa0e, expected aa0e [OK]
row: 27, col: 23 | got: 4903, expected 4903 [OK]
row: 27, col: 24 | got: c8c5, expected c8c5 [OK]
row: 27, col: 25 | got: 1e0e, expected 1e0e [OK]
row: 27, col: 26 | got: 59a0, expected 59a0 [OK]
row: 27, col: 27 | got: c6a1, expected c6a1 [OK]
row: 27, col: 28 | got: 4543, expected 4543 [OK]
row: 27, col: 29 | got: d47a, expected d47a [OK]
row: 27, col: 30 | got: a6ef, expected a6ef [OK]
row: 27, col: 31 | got: 31ff, expected 31ff [OK]
row: 28, col: 0 | got: 3838, expected 3838 [OK]
row: 28, col: 1 | got: b2b9, expected b2b9 [OK]
row: 28, col: 2 | got: 40d4, expected 40d4 [OK]
row: 28, col: 3 | got: e840, expected e840 [OK]
row: 28, col: 4 | got: 3e55, expected 3e55 [OK]
row: 28, col: 5 | got: a6ac, expected a6ac [OK]
row: 28, col: 6 | got: 7590, expected 7590 [OK]
row: 28, col: 7 | got: 2a04, expected 2a04 [OK]
row: 28, col: 8 | got: 3c07, expected 3c07 [OK]
row: 28, col: 9 | got: e5b1, expected e5b1 [OK]
row: 28, col: 10 | got: dff8, expected dff8 [OK]
row: 28, col: 11 | got: ce67, expected ce67 [OK]
row: 28, col: 12 | got: 840c, expected 840c [OK]
row: 28, col: 13 | got: e664, expected e664 [OK]
row: 28, col: 14 | got: 7b8a, expected 7b8a [OK]
row: 28, col: 15 | got: eee2, expected eee2 [OK]
row: 28, col: 16 | got: e6c3, expected e6c3 [OK]
row: 28, col: 17 | got: 15b5, expected 15b5 [OK]
row: 28, col: 18 | got: a9b0, expected a9b0 [OK]
row: 28, col: 19 | got: 114, expected 114 [OK]
row: 28, col: 20 | got: 9e98, expected 9e98 [OK]
row: 28, col: 21 | got: a0a2, expected a0a2 [OK]
row: 28, col: 22 | got: 6d35, expected 6d35 [OK]
row: 28, col: 23 | got: e10b, expected e10b [OK]
row: 28, col: 24 | got: 1039, expected 1039 [OK]
row: 28, col: 25 | got: 7450, expected 7450 [OK]
row: 28, col: 26 | got: b6f1, expected b6f1 [OK]
row: 28, col: 27 | got: fb84, expected fb84 [OK]
row: 28, col: 28 | got: 6ea1, expected 6ea1 [OK]
row: 28, col: 29 | got: 291f, expected 291f [OK]
row: 28, col: 30 | got: 1d5e, expected 1d5e [OK]
row: 28, col: 31 | got: 205d, expected 205d [OK]
row: 29, col: 0 | got: 9031, expected 9031 [OK]
row: 29, col: 1 | got: 3ee4, expected 3ee4 [OK]
row: 29, col: 2 | got: f63, expected f63 [OK]
row: 29, col: 3 | got: 134b, expected 134b [OK]
row: 29, col: 4 | got: 4d3e, expected 4d3e [OK]
row: 29, col: 5 | got: 7807, expected 7807 [OK]
row: 29, col: 6 | got: ab9c, expected ab9c [OK]
row: 29, col: 7 | got: 464, expected 464 [OK]
row: 29, col: 8 | got: 5c40, expected 5c40 [OK]
row: 29, col: 9 | got: ea35, expected ea35 [OK]
row: 29, col: 10 | got: 95f9, expected 95f9 [OK]
row: 29, col: 11 | got: e204, expected e204 [OK]
row: 29, col: 12 | got: c9c5, expected c9c5 [OK]
row: 29, col: 13 | got: bcf1, expected bcf1 [OK]
row: 29, col: 14 | got: c0c7, expected c0c7 [OK]
row: 29, col: 15 | got: 9f12, expected 9f12 [OK]
row: 29, col: 16 | got: 316e, expected 316e [OK]
row: 29, col: 17 | got: 4ebf, expected 4ebf [OK]
row: 29, col: 18 | got: 59ec, expected 59ec [OK]
row: 29, col: 19 | got: d22b, expected d22b [OK]
row: 29, col: 20 | got: e18d, expected e18d [OK]
row: 29, col: 21 | got: f4c3, expected f4c3 [OK]
row: 29, col: 22 | got: fac2, expected fac2 [OK]
row: 29, col: 23 | got: 7e4, expected 7e4 [OK]
row: 29, col: 24 | got: e179, expected e179 [OK]
row: 29, col: 25 | got: fdc5, expected fdc5 [OK]
row: 29, col: 26 | got: 3b48, expected 3b48 [OK]
row: 29, col: 27 | got: 69f8, expected 69f8 [OK]
row: 29, col: 28 | got: 1a75, expected 1a75 [OK]
row: 29, col: 29 | got: e246, expected e246 [OK]
row: 29, col: 30 | got: 3daf, expected 3daf [OK]
row: 29, col: 31 | got: 5108, expected 5108 [OK]
row: 30, col: 0 | got: 39c6, expected 39c6 [OK]
row: 30, col: 1 | got: dc11, expected dc11 [OK]
row: 30, col: 2 | got: 42d, expected 42d [OK]
row: 30, col: 3 | got: b1c9, expected b1c9 [OK]
row: 30, col: 4 | got: 5211, expected 5211 [OK]
row: 30, col: 5 | got: 7f6b, expected 7f6b [OK]
row: 30, col: 6 | got: f240, expected f240 [OK]
row: 30, col: 7 | got: c9b4, expected c9b4 [OK]
row: 30, col: 8 | got: be6f, expected be6f [OK]
row: 30, col: 9 | got: ccaf, expected ccaf [OK]
row: 30, col: 10 | got: 5a23, expected 5a23 [OK]
row: 30, col: 11 | got: 2ec7, expected 2ec7 [OK]
row: 30, col: 12 | got: 91f0, expected 91f0 [OK]
row: 30, col: 13 | got: 574, expected 574 [OK]
row: 30, col: 14 | got: 7adb, expected 7adb [OK]
row: 30, col: 15 | got: d209, expected d209 [OK]
row: 30, col: 16 | got: 6e86, expected 6e86 [OK]
row: 30, col: 17 | got: d7d2, expected d7d2 [OK]
row: 30, col: 18 | got: a3f, expected a3f [OK]
row: 30, col: 19 | got: 336c, expected 336c [OK]
row: 30, col: 20 | got: 6c53, expected 6c53 [OK]
row: 30, col: 21 | got: b1cc, expected b1cc [OK]
row: 30, col: 22 | got: 7864, expected 7864 [OK]
row: 30, col: 23 | got: fd0a, expected fd0a [OK]
row: 30, col: 24 | got: 7ac5, expected 7ac5 [OK]
row: 30, col: 25 | got: 31e3, expected 31e3 [OK]
row: 30, col: 26 | got: e595, expected e595 [OK]
row: 30, col: 27 | got: c77e, expected c77e [OK]
row: 30, col: 28 | got: 20f6, expected 20f6 [OK]
row: 30, col: 29 | got: e5e6, expected e5e6 [OK]
row: 30, col: 30 | got: 33b, expected 33b [OK]
row: 30, col: 31 | got: 8ce4, expected 8ce4 [OK]
row: 31, col: 0 | got: 72f6, expected 72f6 [OK]
row: 31, col: 1 | got: c04f, expected c04f [OK]
row: 31, col: 2 | got: 791d, expected 791d [OK]
row: 31, col: 3 | got: 6a5b, expected 6a5b [OK]
row: 31, col: 4 | got: 8e93, expected 8e93 [OK]
row: 31, col: 5 | got: 4fb9, expected 4fb9 [OK]
row: 31, col: 6 | got: d89d, expected d89d [OK]
row: 31, col: 7 | got: f183, expected f183 [OK]
row: 31, col: 8 | got: ba26, expected ba26 [OK]
row: 31, col: 9 | got: e799, expected e799 [OK]
row: 31, col: 10 | got: 6904, expected 6904 [OK]
row: 31, col: 11 | got: ea38, expected ea38 [OK]
row: 31, col: 12 | got: 279c, expected 279c [OK]
row: 31, col: 13 | got: 5a9e, expected 5a9e [OK]
row: 31, col: 14 | got: 9cc, expected 9cc [OK]
row: 31, col: 15 | got: eb4a, expected eb4a [OK]
row: 31, col: 16 | got: a3de, expected a3de [OK]
row: 31, col: 17 | got: baf7, expected baf7 [OK]
row: 31, col: 18 | got: 1531, expected 1531 [OK]
row: 31, col: 19 | got: 6956, expected 6956 [OK]
row: 31, col: 20 | got: aef9, expected aef9 [OK]
row: 31, col: 21 | got: 1001, expected 1001 [OK]
row: 31, col: 22 | got: 34e6, expected 34e6 [OK]
row: 31, col: 23 | got: d616, expected d616 [OK]
row: 31, col: 24 | got: 5165, expected 5165 [OK]
row: 31, col: 25 | got: 8b2e, expected 8b2e [OK]
row: 31, col: 26 | got: b6e3, expected b6e3 [OK]
row: 31, col: 27 | got: 324e, expected 324e [OK]
row: 31, col: 28 | got: 3122, expected 3122 [OK]
row: 31, col: 29 | got: 20fc, expected 20fc [OK]
row: 31, col: 30 | got: d6c, expected d6c [OK]
row: 31, col: 31 | got: c709, expected c709 [OK]
All tests passed. No errors detected.
Total time: 1170889 ns, ops rate: 55.971147 top/s
Total compute time: 10008 ns, compute ops rate: 6548.361311 tops/s
