FULL SYSTEM TEST
---------------
Populating A and B...
Calculating reference values of C...
row: 0, col: 0 | got: f93a, expected f93a [OK]
row: 0, col: 1 | got: af8d, expected af8d [OK]
row: 0, col: 2 | got: fd59, expected fd59 [OK]
row: 0, col: 3 | got: f094, expected f094 [OK]
row: 0, col: 4 | got: a215, expected a215 [OK]
row: 0, col: 5 | got: db83, expected db83 [OK]
row: 0, col: 6 | got: d0e2, expected d0e2 [OK]
row: 0, col: 7 | got: 9de0, expected 9de0 [OK]
row: 1, col: 0 | got: a875, expected a875 [OK]
row: 1, col: 1 | got: b3d5, expected b3d5 [OK]
row: 1, col: 2 | got: 3255, expected 3255 [OK]
row: 1, col: 3 | got: 9e8c, expected 9e8c [OK]
row: 1, col: 4 | got: 1da4, expected 1da4 [OK]
row: 1, col: 5 | got: d24a, expected d24a [OK]
row: 1, col: 6 | got: 3464, expected 3464 [OK]
row: 1, col: 7 | got: d938, expected d938 [OK]
row: 2, col: 0 | got: 1c02, expected 1c02 [OK]
row: 2, col: 1 | got: 1145, expected 1145 [OK]
row: 2, col: 2 | got: 8f88, expected 8f88 [OK]
row: 2, col: 3 | got: 2c36, expected 2c36 [OK]
row: 2, col: 4 | got: fda, expected fda [OK]
row: 2, col: 5 | got: d18, expected d18 [OK]
row: 2, col: 6 | got: 7d3c, expected 7d3c [OK]
row: 2, col: 7 | got: a01f, expected a01f [OK]
row: 3, col: 0 | got: fd72, expected fd72 [OK]
row: 3, col: 1 | got: ee75, expected ee75 [OK]
row: 3, col: 2 | got: fc8c, expected fc8c [OK]
row: 3, col: 3 | got: e497, expected e497 [OK]
row: 3, col: 4 | got: 235d, expected 235d [OK]
row: 3, col: 5 | got: e3fb, expected e3fb [OK]
row: 3, col: 6 | got: 78e, expected 78e [OK]
row: 3, col: 7 | got: 35b6, expected 35b6 [OK]
row: 4, col: 0 | got: 2b39, expected 2b39 [OK]
row: 4, col: 1 | got: d18d, expected d18d [OK]
row: 4, col: 2 | got: 4367, expected 4367 [OK]
row: 4, col: 3 | got: 4065, expected 4065 [OK]
row: 4, col: 4 | got: fb9f, expected fb9f [OK]
row: 4, col: 5 | got: a34a, expected a34a [OK]
row: 4, col: 6 | got: 2453, expected 2453 [OK]
row: 4, col: 7 | got: 5486, expected 5486 [OK]
row: 5, col: 0 | got: 4e25, expected 4e25 [OK]
row: 5, col: 1 | got: 561, expected 561 [OK]
row: 5, col: 2 | got: e812, expected e812 [OK]
row: 5, col: 3 | got: 364e, expected 364e [OK]
row: 5, col: 4 | got: 19fa, expected 19fa [OK]
row: 5, col: 5 | got: ec87, expected ec87 [OK]
row: 5, col: 6 | got: e95c, expected e95c [OK]
row: 5, col: 7 | got: 4c08, expected 4c08 [OK]
row: 6, col: 0 | got: ea42, expected ea42 [OK]
row: 6, col: 1 | got: 17e3, expected 17e3 [OK]
row: 6, col: 2 | got: 1d22, expected 1d22 [OK]
row: 6, col: 3 | got: be6f, expected be6f [OK]
row: 6, col: 4 | got: 33, expected 33 [OK]
row: 6, col: 5 | got: 4885, expected 4885 [OK]
row: 6, col: 6 | got: ce21, expected ce21 [OK]
row: 6, col: 7 | got: fc96, expected fc96 [OK]
row: 7, col: 0 | got: fc6a, expected fc6a [OK]
row: 7, col: 1 | got: ff2f, expected ff2f [OK]
row: 7, col: 2 | got: d5db, expected d5db [OK]
row: 7, col: 3 | got: ab20, expected ab20 [OK]
row: 7, col: 4 | got: fe2d, expected fe2d [OK]
row: 7, col: 5 | got: e60c, expected e60c [OK]
row: 7, col: 6 | got: f7fe, expected f7fe [OK]
row: 7, col: 7 | got: 30d1, expected 30d1 [OK]
All tests passed. No errors detected.
Total time: 38362 ns, ops rate: 26.693082 top/s
Total compute time: 330 ns, compute ops rate: 3103.030303 tops/s
